2024-07-16 10:06:12 INFO  TC_001_AccountRegistrationTest:16 - ***** Starting TC001_AccountRegistrationTest  ****
2024-07-16 10:06:13 INFO  TC_001_AccountRegistrationTest:22 - Clicked on MyAccount Link.. 
2024-07-16 10:06:14 INFO  TC_001_AccountRegistrationTest:38 - Validating exception message
2024-07-16 10:06:14 INFO  TC_001_AccountRegistrationTest:62 - ***** Finished TC001_AccountRegistrationTest *****
2024-07-16 10:06:17 INFO  TC_002_LoginTest:17 - ***** Starting TC_002_LoginTest  ****
2024-07-16 10:06:17 INFO  TC_002_LoginTest:23 - clicked on myaccount link on the home page..
2024-07-16 10:06:17 INFO  TC_002_LoginTest:25 - clicked on login link under myaccount..
2024-07-16 10:06:18 INFO  TC_002_LoginTest:32 - clicked on login Button after entering details.
2024-07-16 10:06:18 INFO  TC_002_LoginTest:39 - **** Finished TC_002_Pass****
2024-07-16 10:06:18 INFO  TC_002_LoginTest:49 - **** Finished TC_002_LoginTest  ****
2024-07-16 10:35:59 INFO  TC_001_AccountRegistrationTest:16 - ***** Starting TC001_AccountRegistrationTest  ****
2024-07-16 10:35:59 INFO  TC_001_AccountRegistrationTest:22 - Clicked on MyAccount Link.. 
2024-07-16 10:36:01 INFO  TC_001_AccountRegistrationTest:38 - Validating exception message
2024-07-16 10:36:01 INFO  TC_001_AccountRegistrationTest:62 - ***** Finished TC001_AccountRegistrationTest *****
2024-07-16 10:36:05 INFO  TC_002_LoginTest:17 - ***** Starting TC_002_LoginTest  ****
2024-07-16 10:36:05 INFO  TC_002_LoginTest:23 - clicked on myaccount link on the home page..
2024-07-16 10:36:05 INFO  TC_002_LoginTest:25 - clicked on login link under myaccount..
2024-07-16 10:36:06 INFO  TC_002_LoginTest:32 - clicked on login Button after entering details.
2024-07-16 10:36:06 INFO  TC_002_LoginTest:39 - **** Finished TC_002_Pass****
2024-07-16 10:36:06 INFO  TC_002_LoginTest:49 - **** Finished TC_002_LoginTest  ****
2024-07-16 10:43:37 INFO  TC_001_AccountRegistrationTest:16 - ***** Starting TC001_AccountRegistrationTest  ****
2024-07-16 10:43:38 INFO  TC_001_AccountRegistrationTest:22 - Clicked on MyAccount Link.. 
2024-07-16 10:43:39 INFO  TC_001_AccountRegistrationTest:38 - Validating exception message
2024-07-16 10:43:39 INFO  TC_001_AccountRegistrationTest:62 - ***** Finished TC001_AccountRegistrationTest *****
2024-07-16 10:43:42 INFO  TC_002_LoginTest:17 - ***** Starting TC_002_LoginTest  ****
2024-07-16 10:43:42 INFO  TC_002_LoginTest:23 - clicked on myaccount link on the home page..
2024-07-16 10:43:42 INFO  TC_002_LoginTest:25 - clicked on login link under myaccount..
2024-07-16 10:43:43 INFO  TC_002_LoginTest:32 - clicked on login Button after entering details.
2024-07-16 10:43:43 INFO  TC_002_LoginTest:39 - **** Finished TC_002_Pass****
2024-07-16 10:43:44 INFO  TC_002_LoginTest:49 - **** Finished TC_002_LoginTest  ****
